<?xml version="1.0" encoding="UTF-8"?>
<testng-results skipped="0" failed="0" total="1" passed="1">
  <reporter-output>
  </reporter-output>
  <suite name="Suite" duration-ms="8139" started-at="2017-01-02T08:53:52Z" finished-at="2017-01-02T08:54:00Z">
    <groups>
    </groups>
    <test name="Test1" duration-ms="8139" started-at="2017-01-02T08:53:52Z" finished-at="2017-01-02T08:54:00Z">
      <class name="pkg.Parallel">
        <test-method status="PASS" signature="abc(java.lang.String)[pri:0, instance:pkg.Parallel@4c64881d]" name="abc" duration-ms="8123" started-at="2017-01-02T14:23:52Z" finished-at="2017-01-02T14:24:00Z">
          <params>
            <param index="0">
              <value>
                <![CDATA[https://www.google.com]]>
              </value>
            </param>
          </params>
          <reporter-output>
          </reporter-output>
        </test-method> <!-- abc -->
      </class> <!-- pkg.Parallel -->
    </test> <!-- Test1 -->
  </suite> <!-- Suite -->
</testng-results>
