<?xml version="1.0" encoding="UTF-8"?>
<testng-results skipped="0" failed="1" total="1" passed="0">
  <reporter-output>
  </reporter-output>
  <suite name="Default suite" duration-ms="29" started-at="2016-12-29T12:16:23Z" finished-at="2016-12-29T12:16:23Z">
    <groups>
    </groups>
    <test name="Default test" duration-ms="29" started-at="2016-12-29T12:16:23Z" finished-at="2016-12-29T12:16:23Z">
      <class name="pkg.Parallel">
        <test-method status="FAIL" signature="abc(java.lang.String)[pri:0, instance:pkg.Parallel@51565ec2]" name="abc" duration-ms="0" started-at="2016-12-29T17:46:23Z" finished-at="2016-12-29T17:46:23Z">
          <exception class="org.testng.TestNGException">
            <message>
              <![CDATA[
Parameter 'Program' is required by @Test on method abc but has not been marked @Optional or defined
in C:\Users\manish.chopra\AppData\Local\Temp\testng-eclipse--1902332264\testng-customsuite.xml]]>
            </message>
            <full-stacktrace>
              <![CDATA[org.testng.TestNGException: 
Parameter 'Program' is required by @Test on method abc but has not been marked @Optional or defined
in C:\Users\manish.chopra\AppData\Local\Temp\testng-eclipse--1902332264\testng-customsuite.xml
	at org.testng.internal.Parameters.createParameters(Parameters.java:155)
	at org.testng.internal.Parameters.createParameters(Parameters.java:355)
	at org.testng.internal.Parameters.handleParameters(Parameters.java:447)
	at org.testng.internal.Invoker.handleParameters(Invoker.java:1383)
	at org.testng.internal.Invoker.createParameters(Invoker.java:1075)
	at org.testng.internal.Invoker.invokeTestMethods(Invoker.java:1180)
	at org.testng.internal.TestMethodWorker.invokeTestMethods(TestMethodWorker.java:127)
	at org.testng.internal.TestMethodWorker.run(TestMethodWorker.java:111)
	at org.testng.TestRunner.privateRun(TestRunner.java:767)
	at org.testng.TestRunner.run(TestRunner.java:617)
	at org.testng.SuiteRunner.runTest(SuiteRunner.java:334)
	at org.testng.SuiteRunner.runSequentially(SuiteRunner.java:329)
	at org.testng.SuiteRunner.privateRun(SuiteRunner.java:291)
	at org.testng.SuiteRunner.run(SuiteRunner.java:240)
	at org.testng.SuiteRunnerWorker.runSuite(SuiteRunnerWorker.java:52)
	at org.testng.SuiteRunnerWorker.run(SuiteRunnerWorker.java:86)
	at org.testng.TestNG.runSuitesSequentially(TestNG.java:1198)
	at org.testng.TestNG.runSuitesLocally(TestNG.java:1123)
	at org.testng.TestNG.run(TestNG.java:1031)
	at org.testng.remote.AbstractRemoteTestNG.run(AbstractRemoteTestNG.java:126)
	at org.testng.remote.RemoteTestNG.initAndRun(RemoteTestNG.java:137)
	at org.testng.remote.RemoteTestNG.main(RemoteTestNG.java:58)
]]>
            </full-stacktrace>
          </exception> <!-- org.testng.TestNGException -->
          <reporter-output>
          </reporter-output>
        </test-method> <!-- abc -->
      </class> <!-- pkg.Parallel -->
    </test> <!-- Default test -->
  </suite> <!-- Default suite -->
</testng-results>
